0 info it worked if it ends with ok
1 verbose cli [ 'C:\\Program Files\\nodejs\\node.exe',
1 verbose cli   'C:\\Users\\eslem\\AppData\\Roaming\\npm\\node_modules\\npm\\bin\\npm-cli.js',
1 verbose cli   'version',
1 verbose cli   'patch' ]
2 info using npm@3.9.6
3 info using node@v6.4.0
4 info git [ 'status', '--porcelain' ]
5 verbose stack Error: Git working directory not clean.
5 verbose stack D npm-debug.log
5 verbose stack     at C:\Users\eslem\AppData\Roaming\npm\node_modules\npm\lib\version.js:246:19
5 verbose stack     at ChildProcess.exithandler (child_process.js:197:7)
5 verbose stack     at emitTwo (events.js:106:13)
5 verbose stack     at ChildProcess.emit (events.js:191:7)
5 verbose stack     at maybeClose (internal/child_process.js:852:16)
5 verbose stack     at Process.ChildProcess._handle.onexit (internal/child_process.js:215:5)
6 verbose cwd C:\Users\eslem\Code\Nain\TJs\GenericApi
7 error Windows_NT 10.0.14393
8 error argv "C:\\Program Files\\nodejs\\node.exe" "C:\\Users\\eslem\\AppData\\Roaming\\npm\\node_modules\\npm\\bin\\npm-cli.js" "version" "patch"
9 error node v6.4.0
10 error npm  v3.9.6
11 error Git working directory not clean.
11 error D npm-debug.log
12 error If you need help, you may report this error at:
12 error     <https://github.com/npm/npm/issues>
13 verbose exit [ 1, true ]
